[17:14:18] [main/INFO] (FabricLoader/GameProvider) Loading Minecraft 1.21 with Fabric Loader 0.15.11
[17:14:19] [main/INFO] (FabricLoader) Loading 54 mods:
	- fabric-api 0.100.4+1.21
	- fabric-api-base 0.4.42+6573ed8cd1
	- fabric-api-lookup-api-v1 1.6.67+b5597344d1
	- fabric-biome-api-v1 13.0.28+6fc22b99d1
	- fabric-block-api-v1 1.0.22+0af3f5a7d1
	- fabric-block-view-api-v2 1.0.10+6573ed8cd1
	- fabric-blockrenderlayer-v1 1.1.52+0af3f5a7d1
	- fabric-client-tags-api-v1 1.1.15+6573ed8cd1
	- fabric-command-api-v1 1.2.48+f71b366fd1
	- fabric-command-api-v2 2.2.27+6a6dfa19d1
	- fabric-commands-v0 0.2.65+df3654b3d1
	- fabric-content-registries-v0 8.0.14+b5597344d1
	- fabric-convention-tags-v1 2.0.15+7f945d5bd1
	- fabric-convention-tags-v2 2.3.2+78017270d1
	- fabric-crash-report-info-v1 0.2.29+0af3f5a7d1
	- fabric-data-attachment-api-v1 1.1.24+6a6dfa19d1
	- fabric-data-generation-api-v1 20.2.9+16c4ae25d1
	- fabric-dimensions-v1 4.0.0+6fc22b99d1
	- fabric-entity-events-v1 1.6.12+6fc22b99d1
	- fabric-events-interaction-v0 0.7.10+e633f883d1
	- fabric-game-rule-api-v1 1.0.52+6573ed8cd1
	- fabric-gametest-api-v1 2.0.2+6fc22b99d1
	- fabric-item-api-v1 11.0.0+afdfc921d1
	- fabric-item-group-api-v1 4.1.2+78017270d1
	- fabric-key-binding-api-v1 1.0.47+0af3f5a7d1
	- fabric-keybindings-v0 0.2.45+df3654b3d1
	- fabric-lifecycle-events-v1 2.3.11+8f3583aed1
	- fabric-loot-api-v2 3.0.11+6573ed8cd1
	- fabric-message-api-v1 6.0.13+6573ed8cd1
	- fabric-model-loading-api-v1 2.0.0+fe474d6bd1
	- fabric-networking-api-v1 4.2.0+ab7edbacd1
	- fabric-object-builder-api-v1 15.1.12+d1321076d1
	- fabric-particles-v1 4.0.2+6573ed8cd1
	- fabric-recipe-api-v1 5.0.10+65089712d1
	- fabric-registry-sync-v0 5.0.23+78017270d1
	- fabric-renderer-api-v1 3.3.0+0ae0b97dd1
	- fabric-renderer-indigo 1.6.5+48fb1586d1
	- fabric-renderer-registries-v1 3.2.67+df3654b3d1
	- fabric-rendering-data-attachment-v1 0.3.48+73761d2ed1
	- fabric-rendering-fluids-v1 3.1.6+b5597344d1
	- fabric-rendering-v0 1.1.70+df3654b3d1
	- fabric-rendering-v1 5.0.4+5a8c785ed1
	- fabric-resource-conditions-api-v1 4.2.1+d153f344d1
	- fabric-resource-loader-v0 1.1.5+78017270d1
	- fabric-screen-api-v1 2.0.24+b5597344d1
	- fabric-screen-handler-api-v1 1.3.80+b5597344d1
	- fabric-sound-api-v1 1.0.23+6573ed8cd1
	- fabric-transfer-api-v1 5.1.15+3dccd343d1
	- fabric-transitive-access-wideners-v1 6.0.12+6573ed8cd1
	- fabricloader 0.15.11
	- goldenamethyst 1.0.0
	- java 21
	- minecraft 1.21
	- mixinextras 0.3.5
[17:14:19] [main/INFO] (FabricLoader/Mixin) SpongePowered MIXIN Subsystem Version=0.8.5 Source=file:/C:/Users/kunal/.gradle/caches/modules-2/files-2.1/net.fabricmc/sponge-mixin/0.13.3+mixin.0.8.5/9527e6b0d2449408958fd1302594dc65ec5ade9c/sponge-mixin-0.13.3+mixin.0.8.5.jar Service=Knot/Fabric Env=CLIENT
[17:14:19] [main/INFO] (FabricLoader/Mixin) Loaded Fabric development mappings for mixin remapper!
[17:14:19] [main/INFO] (FabricLoader/Mixin) Compatibility level set to JAVA_17
[17:14:22] [main/INFO] (FabricLoader/MixinExtras|Service) Initializing MixinExtras via com.llamalad7.mixinextras.service.MixinExtrasServiceImpl(version=0.3.5).
[17:14:25] [Datafixer Bootstrap/INFO] (Minecraft) 226 Datafixer optimizations took 1505 milliseconds
[17:14:38] [Render thread/INFO] (Minecraft) Environment: Environment[sessionHost=https://sessionserver.mojang.com, servicesHost=https://api.minecraftservices.com, name=PROD]
[17:14:38] [Render thread/INFO] (Minecraft) Setting user: Player454
[17:14:38] [Render thread/INFO] (goldenamethyst) GoldenAmethystMod initialised!
[17:14:39] [Render thread/INFO] (Indigo) [Indigo] Registering Indigo renderer!
[17:14:40] [Render thread/INFO] (Minecraft) Backend library: LWJGL version 3.3.3-snapshot
[17:14:42] [Render thread/INFO] (Minecraft) Reloading ResourceManager: vanilla, fabric, fabric-api, fabric-api-base, fabric-api-lookup-api-v1, fabric-biome-api-v1, fabric-block-api-v1, fabric-block-view-api-v2, fabric-blockrenderlayer-v1, fabric-client-tags-api-v1, fabric-command-api-v1, fabric-command-api-v2, fabric-commands-v0, fabric-content-registries-v0, fabric-convention-tags-v1, fabric-convention-tags-v2, fabric-crash-report-info-v1, fabric-data-attachment-api-v1, fabric-data-generation-api-v1, fabric-dimensions-v1, fabric-entity-events-v1, fabric-events-interaction-v0, fabric-game-rule-api-v1, fabric-gametest-api-v1, fabric-item-api-v1, fabric-item-group-api-v1, fabric-key-binding-api-v1, fabric-keybindings-v0, fabric-lifecycle-events-v1, fabric-loot-api-v2, fabric-message-api-v1, fabric-model-loading-api-v1, fabric-networking-api-v1, fabric-object-builder-api-v1, fabric-particles-v1, fabric-recipe-api-v1, fabric-registry-sync-v0, fabric-renderer-api-v1, fabric-renderer-indigo, fabric-renderer-registries-v1, fabric-rendering-data-attachment-v1, fabric-rendering-fluids-v1, fabric-rendering-v0, fabric-rendering-v1, fabric-resource-conditions-api-v1, fabric-resource-loader-v0, fabric-screen-api-v1, fabric-screen-handler-api-v1, fabric-sound-api-v1, fabric-transfer-api-v1, fabric-transitive-access-wideners-v1, fabricloader, goldenamethyst
[17:14:42] [Worker-Main-5/INFO] (Minecraft) Found unifont_all_no_pua-15.1.05.hex, loading
[17:14:43] [Worker-Main-14/INFO] (Minecraft) Found unifont_jp_patch-15.1.05.hex, loading
[17:14:45] [Worker-Main-6/WARN] (Minecraft) Unable to load model: 'goldenamethyst:item/void_essence' referenced from: goldenamethyst:item/void_essence: java.io.FileNotFoundException: goldenamethyst:models/item/void_essence.json
[17:14:45] [Render thread/WARN] (Minecraft) Missing sound for event: minecraft:item.goat_horn.play
[17:14:45] [Render thread/WARN] (Minecraft) Missing sound for event: minecraft:entity.goat.screaming.horn_break
[17:14:46] [Render thread/INFO] (Minecraft) OpenAL initialized on device OpenAL Soft on Speakers (Realtek(R) Audio)
[17:14:46] [Render thread/INFO] (Minecraft) Sound engine started
[17:14:46] [Render thread/INFO] (Minecraft) Created: 1024x512x4 minecraft:textures/atlas/blocks.png-atlas
[17:14:46] [Render thread/INFO] (Minecraft) Created: 256x256x4 minecraft:textures/atlas/signs.png-atlas
[17:14:46] [Render thread/INFO] (Minecraft) Created: 512x512x4 minecraft:textures/atlas/shield_patterns.png-atlas
[17:14:46] [Render thread/INFO] (Minecraft) Created: 512x512x4 minecraft:textures/atlas/banner_patterns.png-atlas
[17:14:46] [Render thread/INFO] (Minecraft) Created: 1024x1024x4 minecraft:textures/atlas/armor_trims.png-atlas
[17:14:47] [Render thread/INFO] (Minecraft) Created: 256x256x4 minecraft:textures/atlas/chest.png-atlas
[17:14:47] [Render thread/INFO] (Minecraft) Created: 128x64x4 minecraft:textures/atlas/decorated_pot.png-atlas
[17:14:47] [Render thread/INFO] (Minecraft) Created: 512x256x4 minecraft:textures/atlas/beds.png-atlas
[17:14:47] [Render thread/INFO] (Minecraft) Created: 512x256x4 minecraft:textures/atlas/shulker_boxes.png-atlas
[17:14:47] [Render thread/INFO] (Minecraft) Created: 512x256x0 minecraft:textures/atlas/particles.png-atlas
[17:14:47] [Render thread/INFO] (Minecraft) Created: 512x256x0 minecraft:textures/atlas/paintings.png-atlas
[17:14:47] [Render thread/INFO] (Minecraft) Created: 256x128x0 minecraft:textures/atlas/mob_effects.png-atlas
[17:14:47] [Render thread/INFO] (Minecraft) Created: 64x64x0 minecraft:textures/atlas/map_decorations.png-atlas
[17:14:47] [Render thread/INFO] (Minecraft) Created: 1024x512x0 minecraft:textures/atlas/gui.png-atlas
[17:14:47] [Render thread/WARN] (Minecraft) Shader rendertype_entity_translucent_emissive could not find sampler named Sampler2 in the specified shader program.
[17:15:08] [Render thread/INFO] (Minecraft) Loaded 1291 recipes
[17:15:08] [Render thread/INFO] (Minecraft) Loaded 1399 advancements
[17:15:20] [Render thread/INFO] (BiomeModificationImpl) Applied 0 biome modifications to 0 of 64 new biomes in 1.254 ms
[17:15:20] [Server thread/INFO] (Minecraft) Starting integrated minecraft server version 1.21
[17:15:20] [Server thread/INFO] (Minecraft) Generating keypair
[17:15:23] [Server thread/INFO] (Minecraft) Preparing start region for dimension minecraft:overworld
[17:15:23] [Render thread/INFO] (Minecraft) Preparing spawn area: 2%
[17:15:23] [Render thread/INFO] (Minecraft) Preparing spawn area: 2%
[17:15:24] [Render thread/INFO] (Minecraft) Preparing spawn area: 14%
[17:15:24] [Render thread/INFO] (Minecraft) Preparing spawn area: 26%
[17:15:25] [Render thread/INFO] (Minecraft) Preparing spawn area: 51%
[17:15:25] [Render thread/INFO] (Minecraft) Time elapsed: 2320 ms
[17:15:25] [Server thread/INFO] (Minecraft) Changing view distance to 12, from 10
[17:15:25] [Server thread/INFO] (Minecraft) Changing simulation distance to 12, from 0
[17:15:26] [Server thread/INFO] (Minecraft) Player454[local:E:aa4091ba] logged in with entity id 8 at (10.5, 84.0, 3.5)
[17:15:26] [Server thread/INFO] (Minecraft) Player454 joined the game
[17:15:27] [Render thread/INFO] (Minecraft) Loaded 2 advancements
[17:15:27] [Server thread/INFO] (Minecraft) Saving and pausing game...
[17:15:28] [Server thread/INFO] (Minecraft) Saving chunks for level 'ServerLevel[New World]'/minecraft:overworld
[17:15:28] [Server thread/INFO] (Minecraft) Saving chunks for level 'ServerLevel[New World]'/minecraft:the_end
[17:15:28] [Server thread/INFO] (Minecraft) Saving chunks for level 'ServerLevel[New World]'/minecraft:the_nether
[17:15:54] [Server thread/INFO] (Minecraft) [Player454: Gave 16 [Void Crystal] to Player454]
[17:15:54] [Render thread/INFO] (Minecraft) [System] [CHAT] Gave 16 [Void Crystal] to Player454
[17:16:29] [Server thread/INFO] (Minecraft) Saving and pausing game...
[17:16:29] [Server thread/INFO] (Minecraft) Saving chunks for level 'ServerLevel[New World]'/minecraft:overworld
[17:16:29] [Server thread/INFO] (Minecraft) Saving chunks for level 'ServerLevel[New World]'/minecraft:the_end
[17:16:29] [Server thread/INFO] (Minecraft) Saving chunks for level 'ServerLevel[New World]'/minecraft:the_nether
[17:16:35] [Server thread/INFO] (Minecraft) Player454 lost connection: Disconnected
[17:16:35] [Server thread/INFO] (Minecraft) Player454 left the game
[17:16:35] [Server thread/INFO] (Minecraft) Stopping singleplayer server as player logged out
[17:16:35] [Server thread/INFO] (Minecraft) Stopping server
[17:16:35] [Server thread/INFO] (Minecraft) Saving players
[17:16:35] [Server thread/INFO] (Minecraft) Saving worlds
[17:16:36] [Server thread/INFO] (Minecraft) Saving chunks for level 'ServerLevel[New World]'/minecraft:overworld
[17:16:37] [Server thread/INFO] (Minecraft) Saving chunks for level 'ServerLevel[New World]'/minecraft:the_end
[17:16:37] [Server thread/INFO] (Minecraft) Saving chunks for level 'ServerLevel[New World]'/minecraft:the_nether
[17:16:37] [Server thread/INFO] (Minecraft) ThreadedAnvilChunkStorage (New World (10)): All chunks are saved
[17:16:37] [Server thread/INFO] (Minecraft) ThreadedAnvilChunkStorage (DIM1): All chunks are saved
[17:16:37] [Server thread/INFO] (Minecraft) ThreadedAnvilChunkStorage (DIM-1): All chunks are saved
[17:16:37] [Server thread/INFO] (Minecraft) ThreadedAnvilChunkStorage: All dimensions are saved
[17:17:59] [Render thread/INFO] (Minecraft) Loaded 1291 recipes
[17:17:59] [Render thread/INFO] (Minecraft) Loaded 1399 advancements
[17:18:01] [Render thread/INFO] (BiomeModificationImpl) Applied 0 biome modifications to 0 of 64 new biomes in 187.7 μs
[17:18:01] [Server thread/INFO] (Minecraft) Starting integrated minecraft server version 1.21
[17:18:01] [Server thread/INFO] (Minecraft) Generating keypair
[17:18:02] [Server thread/INFO] (Minecraft) Preparing start region for dimension minecraft:overworld
[17:18:02] [Render thread/INFO] (Minecraft) Preparing spawn area: 2%
[17:18:03] [Render thread/INFO] (Minecraft) Preparing spawn area: 18%
[17:18:03] [Render thread/INFO] (Minecraft) Preparing spawn area: 51%
[17:18:03] [Server thread/INFO] (Minecraft) Changing view distance to 12, from 10
[17:18:03] [Server thread/INFO] (Minecraft) Changing simulation distance to 12, from 0
[17:18:03] [Render thread/INFO] (Minecraft) Time elapsed: 1110 ms
[17:18:04] [Server thread/INFO] (Minecraft) Player454[local:E:d6ca702b] logged in with entity id 836 at (-5.5, 86.0, 5.5)
[17:18:04] [Server thread/INFO] (Minecraft) Player454 joined the game
[17:18:04] [Render thread/INFO] (Minecraft) Loaded 2 advancements
[17:18:40] [Server thread/INFO] (Minecraft) [Player454: Gave 16 [Void Crystal] to Player454]
[17:18:40] [Render thread/INFO] (Minecraft) [System] [CHAT] Gave 16 [Void Crystal] to Player454
[17:18:58] [Server thread/INFO] (Minecraft) [Player454: Set the time to 13000]
[17:18:58] [Render thread/INFO] (Minecraft) [System] [CHAT] Set the time to 13000
[17:19:21] [Server thread/INFO] (Minecraft) Saving and pausing game...
[17:19:21] [Server thread/INFO] (Minecraft) Saving chunks for level 'ServerLevel[New World]'/minecraft:overworld
[17:19:21] [Server thread/INFO] (Minecraft) Saving chunks for level 'ServerLevel[New World]'/minecraft:the_end
[17:19:21] [Server thread/INFO] (Minecraft) Saving chunks for level 'ServerLevel[New World]'/minecraft:the_nether
[17:19:22] [Server thread/INFO] (Minecraft) Player454 lost connection: Disconnected
[17:19:22] [Server thread/INFO] (Minecraft) Player454 left the game
[17:19:22] [Server thread/INFO] (Minecraft) Stopping singleplayer server as player logged out
[17:19:23] [Server thread/INFO] (Minecraft) Stopping server
[17:19:23] [Server thread/INFO] (Minecraft) Saving players
[17:19:23] [Server thread/INFO] (Minecraft) Saving worlds
[17:19:23] [Server thread/INFO] (Minecraft) Saving chunks for level 'ServerLevel[New World]'/minecraft:overworld
[17:19:24] [Server thread/INFO] (Minecraft) Saving chunks for level 'ServerLevel[New World]'/minecraft:the_end
[17:19:24] [Server thread/INFO] (Minecraft) Saving chunks for level 'ServerLevel[New World]'/minecraft:the_nether
[17:19:24] [Server thread/INFO] (Minecraft) ThreadedAnvilChunkStorage (New World (11)): All chunks are saved
[17:19:24] [Server thread/INFO] (Minecraft) ThreadedAnvilChunkStorage (DIM1): All chunks are saved
[17:19:24] [Server thread/INFO] (Minecraft) ThreadedAnvilChunkStorage (DIM-1): All chunks are saved
[17:19:24] [Server thread/INFO] (Minecraft) ThreadedAnvilChunkStorage: All dimensions are saved
[17:19:26] [Render thread/INFO] (Minecraft) Stopping!
